2021-04-19 22:35:44.113  INFO 19060 --- [main] c.k8s.Kubernetes.KubernetesApplication   : Starting KubernetesApplication using Java 1.8.0_282 on lima with PID 19060 (/home/operador/Downloads/Kubernetes/target/classes started by operador in /home/operador/Downloads/Kubernetes)
2021-04-19 22:35:44.114  INFO 19060 --- [main] c.k8s.Kubernetes.KubernetesApplication   : The following profiles are active: production
2021-04-19 22:35:44.530  INFO 19060 --- [main] o.s.b.w.embedded.tomcat.TomcatWebServer  : Tomcat initialized with port(s): 8081 (http)
2021-04-19 22:35:44.534  INFO 19060 --- [main] o.apache.catalina.core.StandardService   : Starting service [Tomcat]
2021-04-19 22:35:44.534  INFO 19060 --- [main] org.apache.catalina.core.StandardEngine  : Starting Servlet engine: [Apache Tomcat/9.0.45]
2021-04-19 22:35:44.557  INFO 19060 --- [main] o.a.c.c.C.[Tomcat].[localhost].[/]       : Initializing Spring embedded WebApplicationContext
2021-04-19 22:35:44.558  INFO 19060 --- [main] w.s.c.ServletWebServerApplicationContext : Root WebApplicationContext: initialization completed in 419 ms
2021-04-19 22:35:44.646  INFO 19060 --- [main] o.s.s.concurrent.ThreadPoolTaskExecutor  : Initializing ExecutorService 'applicationTaskExecutor'
2021-04-19 22:35:44.720  INFO 19060 --- [main] o.s.b.w.embedded.tomcat.TomcatWebServer  : Tomcat started on port(s): 8081 (http) with context path ''
2021-04-19 22:35:44.726  INFO 19060 --- [main] c.k8s.Kubernetes.KubernetesApplication   : Started KubernetesApplication in 0.859 seconds (JVM running for 1.239)
2021-04-19 22:36:55.075  INFO 19060 --- [SpringContextShutdownHook] o.s.s.concurrent.ThreadPoolTaskExecutor  : Shutting down ExecutorService 'applicationTaskExecutor'
2021-04-19 22:37:28.786  INFO 19794 --- [main] c.k8s.Kubernetes.KubernetesApplication   : Starting KubernetesApplication using Java 1.8.0_282 on lima with PID 19794 (/home/operador/Downloads/Kubernetes/target/classes started by operador in /home/operador/Downloads/Kubernetes)
2021-04-19 22:37:28.787  INFO 19794 --- [main] c.k8s.Kubernetes.KubernetesApplication   : The following profiles are active: production
2021-04-19 22:37:29.193  INFO 19794 --- [main] o.s.b.w.embedded.tomcat.TomcatWebServer  : Tomcat initialized with port(s): 8081 (http)
2021-04-19 22:37:29.197  INFO 19794 --- [main] o.apache.catalina.core.StandardService   : Starting service [Tomcat]
2021-04-19 22:37:29.197  INFO 19794 --- [main] org.apache.catalina.core.StandardEngine  : Starting Servlet engine: [Apache Tomcat/9.0.45]
2021-04-19 22:37:29.221  INFO 19794 --- [main] o.a.c.c.C.[Tomcat].[localhost].[/]       : Initializing Spring embedded WebApplicationContext
2021-04-19 22:37:29.221  INFO 19794 --- [main] w.s.c.ServletWebServerApplicationContext : Root WebApplicationContext: initialization completed in 410 ms
2021-04-19 22:37:29.305  INFO 19794 --- [main] o.s.s.concurrent.ThreadPoolTaskExecutor  : Initializing ExecutorService 'applicationTaskExecutor'
2021-04-19 22:37:29.385  INFO 19794 --- [main] o.s.b.w.embedded.tomcat.TomcatWebServer  : Tomcat started on port(s): 8081 (http) with context path ''
2021-04-19 22:37:29.391  INFO 19794 --- [main] c.k8s.Kubernetes.KubernetesApplication   : Started KubernetesApplication in 0.868 seconds (JVM running for 1.225)
2021-04-19 22:38:03.686  INFO 19794 --- [SpringContextShutdownHook] o.s.s.concurrent.ThreadPoolTaskExecutor  : Shutting down ExecutorService 'applicationTaskExecutor'
2021-04-19 22:39:13.945  INFO 20671 --- [main] c.k8s.Kubernetes.KubernetesApplication   : Starting KubernetesApplication using Java 1.8.0_282 on lima with PID 20671 (/home/operador/Downloads/Kubernetes/target/classes started by operador in /home/operador/Downloads/Kubernetes)
2021-04-19 22:39:13.947  INFO 20671 --- [main] c.k8s.Kubernetes.KubernetesApplication   : The following profiles are active: production
2021-04-19 22:39:14.363  INFO 20671 --- [main] o.s.b.w.embedded.tomcat.TomcatWebServer  : Tomcat initialized with port(s): 8081 (http)
2021-04-19 22:39:14.367  INFO 20671 --- [main] o.apache.catalina.core.StandardService   : Starting service [Tomcat]
2021-04-19 22:39:14.367  INFO 20671 --- [main] org.apache.catalina.core.StandardEngine  : Starting Servlet engine: [Apache Tomcat/9.0.45]
2021-04-19 22:39:14.391  INFO 20671 --- [main] o.a.c.c.C.[Tomcat].[localhost].[/]       : Initializing Spring embedded WebApplicationContext
2021-04-19 22:39:14.391  INFO 20671 --- [main] w.s.c.ServletWebServerApplicationContext : Root WebApplicationContext: initialization completed in 417 ms
2021-04-19 22:39:14.474  INFO 20671 --- [main] o.s.s.concurrent.ThreadPoolTaskExecutor  : Initializing ExecutorService 'applicationTaskExecutor'
2021-04-19 22:39:14.557  INFO 20671 --- [main] o.s.b.w.embedded.tomcat.TomcatWebServer  : Tomcat started on port(s): 8081 (http) with context path ''
2021-04-19 22:39:14.563  INFO 20671 --- [main] c.k8s.Kubernetes.KubernetesApplication   : Started KubernetesApplication in 0.864 seconds (JVM running for 1.196)
2021-04-19 22:40:51.699  INFO 20671 --- [SpringContextShutdownHook] o.s.s.concurrent.ThreadPoolTaskExecutor  : Shutting down ExecutorService 'applicationTaskExecutor'
2021-04-19 22:40:55.566  INFO 21272 --- [main] c.k8s.Kubernetes.KubernetesApplication   : Starting KubernetesApplication using Java 1.8.0_282 on lima with PID 21272 (/home/operador/Downloads/Kubernetes/target/classes started by operador in /home/operador/Downloads/Kubernetes)
2021-04-19 22:40:55.568  INFO 21272 --- [main] c.k8s.Kubernetes.KubernetesApplication   : The following profiles are active: production
2021-04-19 22:40:55.972  INFO 21272 --- [main] o.s.b.w.embedded.tomcat.TomcatWebServer  : Tomcat initialized with port(s): 8081 (http)
2021-04-19 22:40:55.976  INFO 21272 --- [main] o.apache.catalina.core.StandardService   : Starting service [Tomcat]
2021-04-19 22:40:55.976  INFO 21272 --- [main] org.apache.catalina.core.StandardEngine  : Starting Servlet engine: [Apache Tomcat/9.0.45]
2021-04-19 22:40:56.000  INFO 21272 --- [main] o.a.c.c.C.[Tomcat].[localhost].[/]       : Initializing Spring embedded WebApplicationContext
2021-04-19 22:40:56.000  INFO 21272 --- [main] w.s.c.ServletWebServerApplicationContext : Root WebApplicationContext: initialization completed in 408 ms
2021-04-19 22:40:56.082  INFO 21272 --- [main] o.s.s.concurrent.ThreadPoolTaskExecutor  : Initializing ExecutorService 'applicationTaskExecutor'
2021-04-19 22:40:56.162  INFO 21272 --- [main] o.s.b.w.embedded.tomcat.TomcatWebServer  : Tomcat started on port(s): 8081 (http) with context path ''
2021-04-19 22:40:56.168  INFO 21272 --- [main] c.k8s.Kubernetes.KubernetesApplication   : Started KubernetesApplication in 0.851 seconds (JVM running for 1.168)
2021-04-19 22:41:05.820  INFO 21272 --- [SpringContextShutdownHook] o.s.s.concurrent.ThreadPoolTaskExecutor  : Shutting down ExecutorService 'applicationTaskExecutor'
