2021-04-19 22:31:08.121  INFO 16926 --- [main] c.k8s.Kubernetes.KubernetesApplication   : Starting KubernetesApplication using Java 1.8.0_282 on lima with PID 16926 (/home/operador/Downloads/Kubernetes/target/classes started by operador in /home/operador/Downloads/Kubernetes)
2021-04-19 22:31:08.122  INFO 16926 --- [main] c.k8s.Kubernetes.KubernetesApplication   : The following profiles are active: production
2021-04-19 22:31:08.530  INFO 16926 --- [main] o.s.b.w.embedded.tomcat.TomcatWebServer  : Tomcat initialized with port(s): 8081 (http)
2021-04-19 22:31:08.535  INFO 16926 --- [main] o.apache.catalina.core.StandardService   : Starting service [Tomcat]
2021-04-19 22:31:08.535  INFO 16926 --- [main] org.apache.catalina.core.StandardEngine  : Starting Servlet engine: [Apache Tomcat/9.0.45]
2021-04-19 22:31:08.562  INFO 16926 --- [main] o.a.c.c.C.[Tomcat].[localhost].[/]       : Initializing Spring embedded WebApplicationContext
2021-04-19 22:31:08.562  INFO 16926 --- [main] w.s.c.ServletWebServerApplicationContext : Root WebApplicationContext: initialization completed in 415 ms
2021-04-19 22:31:08.657  INFO 16926 --- [main] o.s.s.concurrent.ThreadPoolTaskExecutor  : Initializing ExecutorService 'applicationTaskExecutor'
2021-04-19 22:31:08.733  INFO 16926 --- [main] o.s.b.w.embedded.tomcat.TomcatWebServer  : Tomcat started on port(s): 8081 (http) with context path ''
2021-04-19 22:31:08.739  INFO 16926 --- [main] c.k8s.Kubernetes.KubernetesApplication   : Started KubernetesApplication in 0.864 seconds (JVM running for 1.195)
2021-04-19 22:31:18.961  INFO 16926 --- [http-nio-8081-exec-1] o.a.c.c.C.[Tomcat].[localhost].[/]       : Initializing Spring DispatcherServlet 'dispatcherServlet'
2021-04-19 22:31:18.961  INFO 16926 --- [http-nio-8081-exec-1] o.s.web.servlet.DispatcherServlet        : Initializing Servlet 'dispatcherServlet'
2021-04-19 22:31:18.962  INFO 16926 --- [http-nio-8081-exec-1] o.s.web.servlet.DispatcherServlet        : Completed initialization in 1 ms
2021-04-19 22:31:44.654  INFO 16926 --- [SpringContextShutdownHook] o.s.s.concurrent.ThreadPoolTaskExecutor  : Shutting down ExecutorService 'applicationTaskExecutor'
2021-04-19 22:31:48.672  INFO 17274 --- [main] c.k8s.Kubernetes.KubernetesApplication   : Starting KubernetesApplication using Java 1.8.0_282 on lima with PID 17274 (/home/operador/Downloads/Kubernetes/target/classes started by operador in /home/operador/Downloads/Kubernetes)
2021-04-19 22:31:48.674  INFO 17274 --- [main] c.k8s.Kubernetes.KubernetesApplication   : The following profiles are active: production
2021-04-19 22:31:49.080  INFO 17274 --- [main] o.s.b.w.embedded.tomcat.TomcatWebServer  : Tomcat initialized with port(s): 8081 (http)
2021-04-19 22:31:49.085  INFO 17274 --- [main] o.apache.catalina.core.StandardService   : Starting service [Tomcat]
2021-04-19 22:31:49.085  INFO 17274 --- [main] org.apache.catalina.core.StandardEngine  : Starting Servlet engine: [Apache Tomcat/9.0.45]
2021-04-19 22:31:49.108  INFO 17274 --- [main] o.a.c.c.C.[Tomcat].[localhost].[/]       : Initializing Spring embedded WebApplicationContext
2021-04-19 22:31:49.109  INFO 17274 --- [main] w.s.c.ServletWebServerApplicationContext : Root WebApplicationContext: initialization completed in 409 ms
2021-04-19 22:31:49.197  INFO 17274 --- [main] o.s.s.concurrent.ThreadPoolTaskExecutor  : Initializing ExecutorService 'applicationTaskExecutor'
2021-04-19 22:31:49.271  INFO 17274 --- [main] o.s.b.w.embedded.tomcat.TomcatWebServer  : Tomcat started on port(s): 8081 (http) with context path ''
2021-04-19 22:31:49.277  INFO 17274 --- [main] c.k8s.Kubernetes.KubernetesApplication   : Started KubernetesApplication in 0.851 seconds (JVM running for 1.277)
2021-04-19 22:31:53.188  INFO 17274 --- [http-nio-8081-exec-1] o.a.c.c.C.[Tomcat].[localhost].[/]       : Initializing Spring DispatcherServlet 'dispatcherServlet'
2021-04-19 22:31:53.188  INFO 17274 --- [http-nio-8081-exec-1] o.s.web.servlet.DispatcherServlet        : Initializing Servlet 'dispatcherServlet'
2021-04-19 22:31:53.189  INFO 17274 --- [http-nio-8081-exec-1] o.s.web.servlet.DispatcherServlet        : Completed initialization in 0 ms
2021-04-19 22:32:23.270  INFO 17274 --- [SpringContextShutdownHook] o.s.s.concurrent.ThreadPoolTaskExecutor  : Shutting down ExecutorService 'applicationTaskExecutor'
